c:\users\user\source\repos\zpg\zpg\x64\debug\vc143.pdb
c:\users\user\source\repos\zpg\zpg\x64\debug\vc143.idb
c:\users\user\source\repos\zpg\zpg\x64\debug\triangle.obj
c:\users\user\source\repos\zpg\zpg\x64\debug\translate.obj
c:\users\user\source\repos\zpg\zpg\x64\debug\shaderprogram.obj
c:\users\user\source\repos\zpg\zpg\x64\debug\scene.obj
c:\users\user\source\repos\zpg\zpg\x64\debug\scale.obj
c:\users\user\source\repos\zpg\zpg\x64\debug\rotate.obj
c:\users\user\source\repos\zpg\zpg\x64\debug\models.obj
c:\users\user\source\repos\zpg\zpg\x64\debug\main.obj
c:\users\user\source\repos\zpg\zpg\x64\debug\drawableobject.obj
c:\users\user\source\repos\zpg\zpg\x64\debug\composittransform.obj
c:\users\user\source\repos\zpg\zpg\x64\debug\camera.obj
c:\users\user\source\repos\zpg\zpg\x64\debug\application.obj
c:\users\user\source\repos\zpg\x64\debug\zpg.exe
c:\users\user\source\repos\zpg\x64\debug\zpg.pdb
c:\users\user\source\repos\zpg\zpg\x64\debug\zpg.ilk
c:\users\user\source\repos\zpg\zpg\x64\debug\zpg.tlog\cl.command.1.tlog
c:\users\user\source\repos\zpg\zpg\x64\debug\zpg.tlog\cl.items.tlog
c:\users\user\source\repos\zpg\zpg\x64\debug\zpg.tlog\cl.read.1.tlog
c:\users\user\source\repos\zpg\zpg\x64\debug\zpg.tlog\cl.write.1.tlog
c:\users\user\source\repos\zpg\zpg\x64\debug\zpg.tlog\link.command.1.tlog
c:\users\user\source\repos\zpg\zpg\x64\debug\zpg.tlog\link.read.1.tlog
c:\users\user\source\repos\zpg\zpg\x64\debug\zpg.tlog\link.secondary.1.tlog
c:\users\user\source\repos\zpg\zpg\x64\debug\zpg.tlog\link.write.1.tlog
